<?xml version="1.0" encoding="UTF-8"?>
<testng-results ignored="0" total="1" passed="1" failed="0" skipped="0">
  <reporter-output>
  </reporter-output>
  <suite started-at="2024-08-27T14:04:36 IST" name="Default suite" finished-at="2024-08-27T14:04:54 IST" duration-ms="17971">
    <groups>
    </groups>
    <test started-at="2024-08-27T14:04:36 IST" name="Default test" finished-at="2024-08-27T14:04:54 IST" duration-ms="17971">
      <class name="baselibrary.BaseLibrary">
        <test-method signature="launchBrowser()[pri:0, instance:baselibrary.BaseLibrary@169e6180]" started-at="2024-08-27T14:04:36 IST" name="launchBrowser" finished-at="2024-08-27T14:04:54 IST" duration-ms="17763" status="PASS">
          <reporter-output>
          </reporter-output>
        </test-method> <!-- launchBrowser -->
      </class> <!-- baselibrary.BaseLibrary -->
    </test> <!-- Default test -->
  </suite> <!-- Default suite -->
</testng-results>
